c:\users\joost\source\repos\beakonv2\intermediates\aimbot.obj
c:\users\joost\source\repos\beakonv2\intermediates\auto strafe.obj
c:\users\joost\source\repos\beakonv2\intermediates\setting.obj
c:\users\joost\source\repos\beakonv2\intermediates\hooks.obj
c:\users\joost\source\repos\beakonv2\intermediates\animation.obj
c:\users\joost\source\repos\beakonv2\intermediates\timer.obj
c:\users\joost\source\repos\beakonv2\intermediates\ctx.obj
c:\users\joost\source\repos\beakonv2\intermediates\view_matrix.obj
c:\users\joost\source\repos\beakonv2\intermediates\antiaim.obj
c:\users\joost\source\repos\beakonv2\intermediates\module.obj
c:\users\joost\source\repos\beakonv2\intermediates\glow.obj
c:\users\joost\source\repos\beakonv2\intermediates\framework.obj
c:\users\joost\source\repos\beakonv2\intermediates\csgo.obj
c:\users\joost\source\repos\beakonv2\intermediates\vector3d.obj
c:\users\joost\source\repos\beakonv2\intermediates\autowall.obj
c:\users\joost\source\repos\beakonv2\intermediates\visuals.obj
c:\users\joost\source\repos\beakonv2\intermediates\player_esp.obj
c:\users\joost\source\repos\beakonv2\intermediates\menu.obj
c:\users\joost\source\repos\beakonv2\intermediates\netvars.obj
c:\users\joost\source\repos\beakonv2\intermediates\resolver.obj
c:\users\joost\source\repos\beakonv2\intermediates\bhop.obj
c:\users\joost\source\repos\beakonv2\intermediates\interfaces.obj
c:\users\joost\source\repos\beakonv2\intermediates\renderer.obj
c:\users\joost\source\repos\beakonv2\intermediates\triggerbot.obj
c:\users\joost\source\repos\beakonv2\intermediates\misc.obj
c:\users\joost\source\repos\beakonv2\intermediates\ragebot.obj
c:\users\joost\source\repos\beakonv2\intermediates\category_btn.obj
c:\users\joost\source\repos\beakonv2\intermediates\math.obj
c:\users\joost\source\repos\beakonv2\intermediates\utilities.obj
c:\users\joost\source\repos\beakonv2\intermediates\fakelag.obj
c:\users\joost\source\repos\beakonv2\intermediates\engine_prediction.obj
c:\users\joost\source\repos\beakonv2\intermediates\chams.obj
c:\users\joost\source\repos\beakonv2\intermediates\groupbox.obj
c:\users\joost\source\repos\beakonv2\intermediates\console.obj
c:\users\joost\source\repos\beakonv2\intermediates\main.obj
c:\users\joost\source\repos\beakonv2\intermediates\gui_utils.obj
c:\users\joost\source\repos\beakonv2\intermediates\button_component.obj
c:\users\joost\source\repos\beakonv2\intermediates\vc142.pdb
c:\users\joost\source\repos\beakonv2\intermediates\trampoline.obj
c:\users\joost\source\repos\beakonv2\intermediates\hook.obj
c:\users\joost\source\repos\beakonv2\intermediates\hde32.obj
c:\users\joost\source\repos\beakonv2\intermediates\hde64.obj
c:\users\joost\source\repos\beakonv2\intermediates\buffer.obj
c:\users\joost\source\repos\beakonv2\intermediates\vc142.idb
c:\users\joost\source\repos\beakonv2\output\debug\beakoncs.dll
c:\users\joost\source\repos\beakonv2\intermediates\beakoncs.ilk
c:\users\joost\source\repos\beakonv2\output\debug\beakoncs.pdb
c:\users\joost\source\repos\beakonv2\intermediates\beakoncs.tlog\cl.command.1.tlog
c:\users\joost\source\repos\beakonv2\intermediates\beakoncs.tlog\cl.read.1.tlog
c:\users\joost\source\repos\beakonv2\intermediates\beakoncs.tlog\cl.write.1.tlog
c:\users\joost\source\repos\beakonv2\intermediates\beakoncs.tlog\link.command.1.tlog
c:\users\joost\source\repos\beakonv2\intermediates\beakoncs.tlog\link.read.1.tlog
c:\users\joost\source\repos\beakonv2\intermediates\beakoncs.tlog\link.write.1.tlog
