C:\Program Files (x86)\Microsoft Visual Studio\2019\Community\MSBuild\Microsoft\VC\v160\Microsoft.CppBuild.targets(513,5): warning MSB8028: The intermediate directory (.\intermediates\) contains files shared from another project (csgo-cheat.vcxproj).  This can lead to incorrect clean and rebuild behavior.
  autowall.cpp
  Aimbot.cpp
  Antiaim.cpp
  Resolver.cpp
  Triggerbot.cpp
  fakelag.cpp
  engine_prediction.cpp
  misc.cpp
  Auto Strafe.cpp
  Bhop.cpp
  Chams.cpp
  Esp.cpp
  Glow.cpp
  framework.cpp
  timer.cpp
  interfaces.cpp
  math.cpp
  console.cpp
  csgo.cpp
  renderer.cpp
  utilities.cpp
  main.cpp
  LINK : /LTCG specified but no code generation required; remove /LTCG from the link command line to improve linker performance
  csgo-cheat.vcxproj -> C:\Users\Joost\source\repos\BeakonV2\output\debug\BeakonCS.dll
